DEBUG - 2025-03-26 15:35:11 --> Session: Class initialized using 'CodeIgniter\Session\Handlers\FileHandler' driver.
DEBUG - 2025-03-26 15:35:29 --> Session: Class initialized using 'CodeIgniter\Session\Handlers\FileHandler' driver.
DEBUG - 2025-03-26 15:43:02 --> Session: Class initialized using 'CodeIgniter\Session\Handlers\FileHandler' driver.
CRITICAL - 2025-03-26 15:43:09 --> CodeIgniter\View\Exceptions\ViewException: Invalid file: "Categorias/index.php"
[Method: GET, Route: categorias]
in SYSTEMPATH/Exceptions/FrameworkException.php on line 39.
 1 SYSTEMPATH/View/View.php(212): CodeIgniter\Exceptions\FrameworkException::forInvalidFile()
 2 SYSTEMPATH/Common.php(1173): CodeIgniter\View\View->render()
 3 APPPATH/Controllers/Categorias.php(18): view()
 4 SYSTEMPATH/CodeIgniter.php(933): App\Controllers\Categorias->index()
 5 SYSTEMPATH/CodeIgniter.php(507): CodeIgniter\CodeIgniter->runController()
 6 SYSTEMPATH/CodeIgniter.php(354): CodeIgniter\CodeIgniter->handleRequest()
 7 SYSTEMPATH/Boot.php(334): CodeIgniter\CodeIgniter->run()
 8 SYSTEMPATH/Boot.php(67): CodeIgniter\Boot::runCodeIgniter()
 9 FCPATH/index.php(56): CodeIgniter\Boot::bootWeb()
10 SYSTEMPATH/rewrite.php(44): require_once('/home/vilson/webserver/www/codeigniter4/public/index.php')
CRITICAL - 2025-03-26 15:50:49 --> CodeIgniter\View\Exceptions\ViewException: Invalid file: "Categorias/index.php"
[Method: GET, Route: categorias]
in SYSTEMPATH/Exceptions/FrameworkException.php on line 39.
 1 SYSTEMPATH/View/View.php(212): CodeIgniter\Exceptions\FrameworkException::forInvalidFile()
 2 SYSTEMPATH/Common.php(1173): CodeIgniter\View\View->render()
 3 APPPATH/Controllers/Categorias.php(18): view()
 4 SYSTEMPATH/CodeIgniter.php(933): App\Controllers\Categorias->index()
 5 SYSTEMPATH/CodeIgniter.php(507): CodeIgniter\CodeIgniter->runController()
 6 SYSTEMPATH/CodeIgniter.php(354): CodeIgniter\CodeIgniter->handleRequest()
 7 SYSTEMPATH/Boot.php(334): CodeIgniter\CodeIgniter->run()
 8 SYSTEMPATH/Boot.php(67): CodeIgniter\Boot::runCodeIgniter()
 9 FCPATH/index.php(56): CodeIgniter\Boot::bootWeb()
10 SYSTEMPATH/rewrite.php(44): require_once('/home/vilson/webserver/www/codeigniter4/public/index.php')
DEBUG - 2025-03-26 15:52:26 --> Session: Class initialized using 'CodeIgniter\Session\Handlers\FileHandler' driver.
CRITICAL - 2025-03-26 15:52:26 --> Error: Call to undefined function msg()
[Method: GET, Route: categorias]
in APPPATH/Views/categorias/index.php on line 74.
 1 SYSTEMPATH/View/View.php(224): include()
 2 SYSTEMPATH/View/View.php(227): CodeIgniter\View\View->CodeIgniter\View\{closure}()
 3 SYSTEMPATH/Common.php(1173): CodeIgniter\View\View->render()
 4 APPPATH/Controllers/Categorias.php(18): view()
 5 SYSTEMPATH/CodeIgniter.php(933): App\Controllers\Categorias->index()
 6 SYSTEMPATH/CodeIgniter.php(507): CodeIgniter\CodeIgniter->runController()
 7 SYSTEMPATH/CodeIgniter.php(354): CodeIgniter\CodeIgniter->handleRequest()
 8 SYSTEMPATH/Boot.php(334): CodeIgniter\CodeIgniter->run()
 9 SYSTEMPATH/Boot.php(67): CodeIgniter\Boot::runCodeIgniter()
10 FCPATH/index.php(56): CodeIgniter\Boot::bootWeb()
11 SYSTEMPATH/rewrite.php(44): require_once('/home/vilson/webserver/www/codeigniter4/public/index.php')
DEBUG - 2025-03-26 15:53:41 --> Session: Class initialized using 'CodeIgniter\Session\Handlers\FileHandler' driver.
CRITICAL - 2025-03-26 15:53:41 --> CodeIgniter\View\Exceptions\ViewException: Invalid file: "login.php"
[Method: GET, Route: categorias]
in SYSTEMPATH/Exceptions/FrameworkException.php on line 39.
 1 SYSTEMPATH/View/View.php(212): CodeIgniter\Exceptions\FrameworkException::forInvalidFile()
 2 SYSTEMPATH/Common.php(1173): CodeIgniter\View\View->render()
 3 APPPATH/Views/categorias/index.php(75): view()
 4 SYSTEMPATH/View/View.php(224): include('/home/vilson/webserver/www/codeigniter4/app/Views/categorias/index.php')
 5 SYSTEMPATH/View/View.php(227): CodeIgniter\View\View->CodeIgniter\View\{closure}()
 6 SYSTEMPATH/Common.php(1173): CodeIgniter\View\View->render()
 7 APPPATH/Controllers/Categorias.php(18): view()
 8 SYSTEMPATH/CodeIgniter.php(933): App\Controllers\Categorias->index()
 9 SYSTEMPATH/CodeIgniter.php(507): CodeIgniter\CodeIgniter->runController()
10 SYSTEMPATH/CodeIgniter.php(354): CodeIgniter\CodeIgniter->handleRequest()
11 SYSTEMPATH/Boot.php(334): CodeIgniter\CodeIgniter->run()
12 SYSTEMPATH/Boot.php(67): CodeIgniter\Boot::runCodeIgniter()
13 FCPATH/index.php(56): CodeIgniter\Boot::bootWeb()
14 SYSTEMPATH/rewrite.php(44): require_once('/home/vilson/webserver/www/codeigniter4/public/index.php')
DEBUG - 2025-03-26 15:55:53 --> Session: Class initialized using 'CodeIgniter\Session\Handlers\FileHandler' driver.
DEBUG - 2025-03-26 15:56:01 --> Session: Class initialized using 'CodeIgniter\Session\Handlers\FileHandler' driver.
DEBUG - 2025-03-26 15:56:18 --> Session: Class initialized using 'CodeIgniter\Session\Handlers\FileHandler' driver.
DEBUG - 2025-03-26 15:56:21 --> Session: Class initialized using 'CodeIgniter\Session\Handlers\FileHandler' driver.
DEBUG - 2025-03-26 15:57:49 --> Session: Class initialized using 'CodeIgniter\Session\Handlers\FileHandler' driver.
DEBUG - 2025-03-26 15:57:52 --> Session: Class initialized using 'CodeIgniter\Session\Handlers\FileHandler' driver.
CRITICAL - 2025-03-26 15:59:21 --> ErrorException: Undefined array key "categorias_id"
[Method: GET, Route: categorias/update]
in APPPATH/Controllers/Categorias.php on line 87.
 1 APPPATH/Controllers/Categorias.php(87): CodeIgniter\Debug\Exceptions->errorHandler()
 2 SYSTEMPATH/CodeIgniter.php(933): App\Controllers\Categorias->update()
 3 SYSTEMPATH/CodeIgniter.php(507): CodeIgniter\CodeIgniter->runController()
 4 SYSTEMPATH/CodeIgniter.php(354): CodeIgniter\CodeIgniter->handleRequest()
 5 SYSTEMPATH/Boot.php(334): CodeIgniter\CodeIgniter->run()
 6 SYSTEMPATH/Boot.php(67): CodeIgniter\Boot::runCodeIgniter()
 7 FCPATH/index.php(56): CodeIgniter\Boot::bootWeb()
 8 SYSTEMPATH/rewrite.php(44): require_once('/home/vilson/webserver/www/codeigniter4/public/index.php')
DEBUG - 2025-03-26 15:59:31 --> Session: Class initialized using 'CodeIgniter\Session\Handlers\FileHandler' driver.
DEBUG - 2025-03-26 15:59:33 --> Session: Class initialized using 'CodeIgniter\Session\Handlers\FileHandler' driver.
DEBUG - 2025-03-26 15:59:35 --> Session: Class initialized using 'CodeIgniter\Session\Handlers\FileHandler' driver.
DEBUG - 2025-03-26 16:02:29 --> Session: Class initialized using 'CodeIgniter\Session\Handlers\FileHandler' driver.
DEBUG - 2025-03-26 16:02:38 --> Session: Class initialized using 'CodeIgniter\Session\Handlers\FileHandler' driver.
DEBUG - 2025-03-26 16:02:41 --> Session: Class initialized using 'CodeIgniter\Session\Handlers\FileHandler' driver.
DEBUG - 2025-03-26 16:03:10 --> Session: Class initialized using 'CodeIgniter\Session\Handlers\FileHandler' driver.
DEBUG - 2025-03-26 16:34:40 --> Session: Class initialized using 'CodeIgniter\Session\Handlers\FileHandler' driver.
DEBUG - 2025-03-26 16:34:55 --> Session: Class initialized using 'CodeIgniter\Session\Handlers\FileHandler' driver.
DEBUG - 2025-03-26 16:35:00 --> Session: Class initialized using 'CodeIgniter\Session\Handlers\FileHandler' driver.
DEBUG - 2025-03-26 16:36:13 --> Session: Class initialized using 'CodeIgniter\Session\Handlers\FileHandler' driver.
DEBUG - 2025-03-26 16:36:19 --> Session: Class initialized using 'CodeIgniter\Session\Handlers\FileHandler' driver.
DEBUG - 2025-03-26 16:36:22 --> Session: Class initialized using 'CodeIgniter\Session\Handlers\FileHandler' driver.
DEBUG - 2025-03-26 16:36:43 --> Session: Class initialized using 'CodeIgniter\Session\Handlers\FileHandler' driver.
DEBUG - 2025-03-26 16:36:47 --> Session: Class initialized using 'CodeIgniter\Session\Handlers\FileHandler' driver.
DEBUG - 2025-03-26 22:15:00 --> Session: Class initialized using 'CodeIgniter\Session\Handlers\FileHandler' driver.
CRITICAL - 2025-03-26 22:15:20 --> Error: Undefined constant "CodeIgniter\Database\MySQLi\MYSQLI_STORE_RESULT"
[Method: GET, Route: categorias]
in SYSTEMPATH/Database/Database.php on line 143.
 1 SYSTEMPATH/Database/Database.php(61): CodeIgniter\Database\Database->initDriver()
 2 SYSTEMPATH/Database/Config.php(84): CodeIgniter\Database\Database->load()
 3 SYSTEMPATH/Model.php(155): CodeIgniter\Database\Config::connect()
 4 APPPATH/Controllers/Categorias.php(10): CodeIgniter\Model->__construct()
 5 SYSTEMPATH/CodeIgniter.php(903): App\Controllers\Categorias->__construct()
 6 SYSTEMPATH/CodeIgniter.php(498): CodeIgniter\CodeIgniter->createController()
 7 SYSTEMPATH/CodeIgniter.php(354): CodeIgniter\CodeIgniter->handleRequest()
 8 SYSTEMPATH/Boot.php(334): CodeIgniter\CodeIgniter->run()
 9 SYSTEMPATH/Boot.php(67): CodeIgniter\Boot::runCodeIgniter()
10 FCPATH/index.php(56): CodeIgniter\Boot::bootWeb()
11 SYSTEMPATH/rewrite.php(44): require_once('/home/aluno/webserver/www/codeigniter4/public/index.php')
CRITICAL - 2025-03-26 22:17:28 --> Error: Undefined constant "CodeIgniter\Database\MySQLi\MYSQLI_STORE_RESULT"
[Method: GET, Route: categorias]
in SYSTEMPATH/Database/Database.php on line 143.
 1 SYSTEMPATH/Database/Database.php(61): CodeIgniter\Database\Database->initDriver()
 2 SYSTEMPATH/Database/Config.php(84): CodeIgniter\Database\Database->load()
 3 SYSTEMPATH/Model.php(155): CodeIgniter\Database\Config::connect()
 4 APPPATH/Controllers/Categorias.php(10): CodeIgniter\Model->__construct()
 5 SYSTEMPATH/CodeIgniter.php(903): App\Controllers\Categorias->__construct()
 6 SYSTEMPATH/CodeIgniter.php(498): CodeIgniter\CodeIgniter->createController()
 7 SYSTEMPATH/CodeIgniter.php(354): CodeIgniter\CodeIgniter->handleRequest()
 8 SYSTEMPATH/Boot.php(334): CodeIgniter\CodeIgniter->run()
 9 SYSTEMPATH/Boot.php(67): CodeIgniter\Boot::runCodeIgniter()
10 FCPATH/index.php(56): CodeIgniter\Boot::bootWeb()
11 SYSTEMPATH/rewrite.php(44): require_once('/home/aluno/webserver/www/codeigniter4/public/index.php')
CRITICAL - 2025-03-26 22:18:44 --> Error: Undefined constant "CodeIgniter\Database\MySQLi\MYSQLI_STORE_RESULT"
[Method: GET, Route: categorias]
in SYSTEMPATH/Database/Database.php on line 143.
 1 SYSTEMPATH/Database/Database.php(61): CodeIgniter\Database\Database->initDriver()
 2 SYSTEMPATH/Database/Config.php(84): CodeIgniter\Database\Database->load()
 3 SYSTEMPATH/Model.php(155): CodeIgniter\Database\Config::connect()
 4 APPPATH/Controllers/Categorias.php(10): CodeIgniter\Model->__construct()
 5 SYSTEMPATH/CodeIgniter.php(903): App\Controllers\Categorias->__construct()
 6 SYSTEMPATH/CodeIgniter.php(498): CodeIgniter\CodeIgniter->createController()
 7 SYSTEMPATH/CodeIgniter.php(354): CodeIgniter\CodeIgniter->handleRequest()
 8 SYSTEMPATH/Boot.php(334): CodeIgniter\CodeIgniter->run()
 9 SYSTEMPATH/Boot.php(67): CodeIgniter\Boot::runCodeIgniter()
10 FCPATH/index.php(56): CodeIgniter\Boot::bootWeb()
11 SYSTEMPATH/rewrite.php(44): require_once('/home/aluno/webserver/www/codeigniter4/public/index.php')
CRITICAL - 2025-03-26 22:19:52 --> Error: Undefined constant "CodeIgniter\Database\MySQLi\MYSQLI_STORE_RESULT"
[Method: GET, Route: categorias]
in SYSTEMPATH/Database/Database.php on line 143.
 1 SYSTEMPATH/Database/Database.php(61): CodeIgniter\Database\Database->initDriver()
 2 SYSTEMPATH/Database/Config.php(84): CodeIgniter\Database\Database->load()
 3 SYSTEMPATH/Model.php(155): CodeIgniter\Database\Config::connect()
 4 APPPATH/Controllers/Categorias.php(10): CodeIgniter\Model->__construct()
 5 SYSTEMPATH/CodeIgniter.php(903): App\Controllers\Categorias->__construct()
 6 SYSTEMPATH/CodeIgniter.php(498): CodeIgniter\CodeIgniter->createController()
 7 SYSTEMPATH/CodeIgniter.php(354): CodeIgniter\CodeIgniter->handleRequest()
 8 SYSTEMPATH/Boot.php(334): CodeIgniter\CodeIgniter->run()
 9 SYSTEMPATH/Boot.php(67): CodeIgniter\Boot::runCodeIgniter()
10 FCPATH/index.php(56): CodeIgniter\Boot::bootWeb()
11 SYSTEMPATH/rewrite.php(44): require_once('/home/aluno/webserver/www/codeigniter4/public/index.php')
CRITICAL - 2025-03-26 22:19:59 --> Error: Undefined constant "CodeIgniter\Database\MySQLi\MYSQLI_STORE_RESULT"
[Method: GET, Route: categorias]
in SYSTEMPATH/Database/Database.php on line 143.
 1 SYSTEMPATH/Database/Database.php(61): CodeIgniter\Database\Database->initDriver()
 2 SYSTEMPATH/Database/Config.php(84): CodeIgniter\Database\Database->load()
 3 SYSTEMPATH/Model.php(155): CodeIgniter\Database\Config::connect()
 4 APPPATH/Controllers/Categorias.php(10): CodeIgniter\Model->__construct()
 5 SYSTEMPATH/CodeIgniter.php(903): App\Controllers\Categorias->__construct()
 6 SYSTEMPATH/CodeIgniter.php(498): CodeIgniter\CodeIgniter->createController()
 7 SYSTEMPATH/CodeIgniter.php(354): CodeIgniter\CodeIgniter->handleRequest()
 8 SYSTEMPATH/Boot.php(334): CodeIgniter\CodeIgniter->run()
 9 SYSTEMPATH/Boot.php(67): CodeIgniter\Boot::runCodeIgniter()
10 FCPATH/index.php(56): CodeIgniter\Boot::bootWeb()
11 SYSTEMPATH/rewrite.php(44): require_once('/home/aluno/webserver/www/codeigniter4/public/index.php')
CRITICAL - 2025-03-26 22:20:42 --> Error: Undefined constant "CodeIgniter\Database\MySQLi\MYSQLI_STORE_RESULT"
[Method: GET, Route: categorias]
in SYSTEMPATH/Database/Database.php on line 143.
 1 SYSTEMPATH/Database/Database.php(61): CodeIgniter\Database\Database->initDriver()
 2 SYSTEMPATH/Database/Config.php(84): CodeIgniter\Database\Database->load()
 3 SYSTEMPATH/Model.php(155): CodeIgniter\Database\Config::connect()
 4 APPPATH/Controllers/Categorias.php(10): CodeIgniter\Model->__construct()
 5 SYSTEMPATH/CodeIgniter.php(903): App\Controllers\Categorias->__construct()
 6 SYSTEMPATH/CodeIgniter.php(498): CodeIgniter\CodeIgniter->createController()
 7 SYSTEMPATH/CodeIgniter.php(354): CodeIgniter\CodeIgniter->handleRequest()
 8 SYSTEMPATH/Boot.php(334): CodeIgniter\CodeIgniter->run()
 9 SYSTEMPATH/Boot.php(67): CodeIgniter\Boot::runCodeIgniter()
10 FCPATH/index.php(56): CodeIgniter\Boot::bootWeb()
11 SYSTEMPATH/rewrite.php(44): require_once('/home/aluno/webserver/www/codeigniter4/public/index.php')
DEBUG - 2025-03-26 22:21:18 --> Session: Class initialized using 'CodeIgniter\Session\Handlers\FileHandler' driver.
DEBUG - 2025-03-26 22:44:32 --> Session: Class initialized using 'CodeIgniter\Session\Handlers\FileHandler' driver.
DEBUG - 2025-03-26 22:44:40 --> Session: Class initialized using 'CodeIgniter\Session\Handlers\FileHandler' driver.
DEBUG - 2025-03-26 23:55:09 --> Session: Class initialized using 'CodeIgniter\Session\Handlers\FileHandler' driver.
DEBUG - 2025-03-26 23:55:13 --> Session: Class initialized using 'CodeIgniter\Session\Handlers\FileHandler' driver.
DEBUG - 2025-03-26 23:55:25 --> Session: Class initialized using 'CodeIgniter\Session\Handlers\FileHandler' driver.
DEBUG - 2025-03-26 23:55:36 --> Session: Class initialized using 'CodeIgniter\Session\Handlers\FileHandler' driver.
