CRITICAL - 2025-02-27 01:08:37 --> ErrorException: Undefined array key "cidades_nome"
[Method: GET, Route: cidades/edit/1]
in APPPATH/Views/cidades/form.php on line 15.
 1 APPPATH/Views/cidades/form.php(15): CodeIgniter\Debug\Exceptions->errorHandler()
 2 SYSTEMPATH/View/View.php(224): include('/var/www/html/codeigniter4/app/Views/cidades/form.php')
 3 SYSTEMPATH/View/View.php(227): CodeIgniter\View\View->CodeIgniter\View\{closure}()
 4 SYSTEMPATH/Common.php(1173): CodeIgniter\View\View->render()
 5 APPPATH/Controllers/Cidades.php(79): view()
 6 SYSTEMPATH/CodeIgniter.php(933): App\Controllers\Cidades->edit()
 7 SYSTEMPATH/CodeIgniter.php(507): CodeIgniter\CodeIgniter->runController()
 8 SYSTEMPATH/CodeIgniter.php(354): CodeIgniter\CodeIgniter->handleRequest()
 9 SYSTEMPATH/Boot.php(334): CodeIgniter\CodeIgniter->run()
10 SYSTEMPATH/Boot.php(67): CodeIgniter\Boot::runCodeIgniter()
11 FCPATH/index.php(56): CodeIgniter\Boot::bootWeb()
12 SYSTEMPATH/rewrite.php(44): require_once('/var/www/html/codeigniter4/public/index.php')
CRITICAL - 2025-02-27 01:18:54 --> ErrorException: Undefined array key "cidade"
[Method: GET, Route: cidades/new]
in APPPATH/Views/cidades/form.php on line 16.
 1 APPPATH/Views/cidades/form.php(16): CodeIgniter\Debug\Exceptions->errorHandler()
 2 SYSTEMPATH/View/View.php(224): include('/var/www/html/codeigniter4/app/Views/cidades/form.php')
 3 SYSTEMPATH/View/View.php(227): CodeIgniter\View\View->CodeIgniter\View\{closure}()
 4 SYSTEMPATH/Common.php(1173): CodeIgniter\View\View->render()
 5 APPPATH/Controllers/Cidades.php(36): view()
 6 SYSTEMPATH/CodeIgniter.php(933): App\Controllers\Cidades->new()
 7 SYSTEMPATH/CodeIgniter.php(507): CodeIgniter\CodeIgniter->runController()
 8 SYSTEMPATH/CodeIgniter.php(354): CodeIgniter\CodeIgniter->handleRequest()
 9 SYSTEMPATH/Boot.php(334): CodeIgniter\CodeIgniter->run()
10 SYSTEMPATH/Boot.php(67): CodeIgniter\Boot::runCodeIgniter()
11 FCPATH/index.php(56): CodeIgniter\Boot::bootWeb()
12 SYSTEMPATH/rewrite.php(44): require_once('/var/www/html/codeigniter4/public/index.php')
