DEBUG - 2025-04-10 00:40:44 --> Session: Class initialized using 'CodeIgniter\Session\Handlers\FileHandler' driver.
DEBUG - 2025-04-10 00:40:49 --> Session: Class initialized using 'CodeIgniter\Session\Handlers\FileHandler' driver.
DEBUG - 2025-04-10 00:40:51 --> Session: Class initialized using 'CodeIgniter\Session\Handlers\FileHandler' driver.
ERROR - 2025-04-10 00:40:51 --> Error connecting to the database: mysqli_sql_exception: O endereço solicitado não é válido no contexto in C:\Users\orlan\Documents\GitHub\desenvolvimento-framework\winserver\www\codeigniter4\system\Database\MySQLi\Connection.php:201
Stack trace:
#0 C:\Users\orlan\Documents\GitHub\desenvolvimento-framework\winserver\www\codeigniter4\system\Database\MySQLi\Connection.php(201): mysqli->real_connect('0.0.0.0', 'root', Object(SensitiveParameterValue), 'projeto', 3309, '', 0)
#1 C:\Users\orlan\Documents\GitHub\desenvolvimento-framework\winserver\www\codeigniter4\system\Database\BaseConnection.php(421): CodeIgniter\Database\MySQLi\Connection->connect(false)
#2 C:\Users\orlan\Documents\GitHub\desenvolvimento-framework\winserver\www\codeigniter4\system\Database\BaseConnection.php(620): CodeIgniter\Database\BaseConnection->initialize()
#3 C:\Users\orlan\Documents\GitHub\desenvolvimento-framework\winserver\www\codeigniter4\system\Database\BaseBuilder.php(1649): CodeIgniter\Database\BaseConnection->query('SELECT *\nFROM `...', Array, false)
#4 C:\Users\orlan\Documents\GitHub\desenvolvimento-framework\winserver\www\codeigniter4\system\Model.php(213): CodeIgniter\Database\BaseBuilder->get()
#5 C:\Users\orlan\Documents\GitHub\desenvolvimento-framework\winserver\www\codeigniter4\system\BaseModel.php(609): CodeIgniter\Model->doFind(false, NULL)
#6 C:\Users\orlan\Documents\GitHub\desenvolvimento-framework\winserver\www\codeigniter4\app\Controllers\Login.php(29): CodeIgniter\BaseModel->find()
#7 C:\Users\orlan\Documents\GitHub\desenvolvimento-framework\winserver\www\codeigniter4\system\CodeIgniter.php(933): App\Controllers\Login->logar()
#8 C:\Users\orlan\Documents\GitHub\desenvolvimento-framework\winserver\www\codeigniter4\system\CodeIgniter.php(507): CodeIgniter\CodeIgniter->runController(Object(App\Controllers\Login))
#9 C:\Users\orlan\Documents\GitHub\desenvolvimento-framework\winserver\www\codeigniter4\system\CodeIgniter.php(354): CodeIgniter\CodeIgniter->handleRequest(NULL, Object(Config\Cache), false)
#10 C:\Users\orlan\Documents\GitHub\desenvolvimento-framework\winserver\www\codeigniter4\system\Boot.php(334): CodeIgniter\CodeIgniter->run()
#11 C:\Users\orlan\Documents\GitHub\desenvolvimento-framework\winserver\www\codeigniter4\system\Boot.php(67): CodeIgniter\Boot::runCodeIgniter(Object(CodeIgniter\CodeIgniter))
#12 C:\Users\orlan\Documents\GitHub\desenvolvimento-framework\winserver\www\codeigniter4\public\index.php(56): CodeIgniter\Boot::bootWeb(Object(Config\Paths))
#13 C:\Users\orlan\Documents\GitHub\desenvolvimento-framework\winserver\www\codeigniter4\system\rewrite.php(44): require_once('C:\\Users\\orlan\\...')
#14 {main}

Next CodeIgniter\Database\Exceptions\DatabaseException: O endereço solicitado não é válido no contexto in C:\Users\orlan\Documents\GitHub\desenvolvimento-framework\winserver\www\codeigniter4\system\Database\MySQLi\Connection.php:246
Stack trace:
#0 C:\Users\orlan\Documents\GitHub\desenvolvimento-framework\winserver\www\codeigniter4\system\Database\BaseConnection.php(421): CodeIgniter\Database\MySQLi\Connection->connect(false)
#1 C:\Users\orlan\Documents\GitHub\desenvolvimento-framework\winserver\www\codeigniter4\system\Database\BaseConnection.php(620): CodeIgniter\Database\BaseConnection->initialize()
#2 C:\Users\orlan\Documents\GitHub\desenvolvimento-framework\winserver\www\codeigniter4\system\Database\BaseBuilder.php(1649): CodeIgniter\Database\BaseConnection->query('SELECT *\nFROM `...', Array, false)
#3 C:\Users\orlan\Documents\GitHub\desenvolvimento-framework\winserver\www\codeigniter4\system\Model.php(213): CodeIgniter\Database\BaseBuilder->get()
#4 C:\Users\orlan\Documents\GitHub\desenvolvimento-framework\winserver\www\codeigniter4\system\BaseModel.php(609): CodeIgniter\Model->doFind(false, NULL)
#5 C:\Users\orlan\Documents\GitHub\desenvolvimento-framework\winserver\www\codeigniter4\app\Controllers\Login.php(29): CodeIgniter\BaseModel->find()
#6 C:\Users\orlan\Documents\GitHub\desenvolvimento-framework\winserver\www\codeigniter4\system\CodeIgniter.php(933): App\Controllers\Login->logar()
#7 C:\Users\orlan\Documents\GitHub\desenvolvimento-framework\winserver\www\codeigniter4\system\CodeIgniter.php(507): CodeIgniter\CodeIgniter->runController(Object(App\Controllers\Login))
#8 C:\Users\orlan\Documents\GitHub\desenvolvimento-framework\winserver\www\codeigniter4\system\CodeIgniter.php(354): CodeIgniter\CodeIgniter->handleRequest(NULL, Object(Config\Cache), false)
#9 C:\Users\orlan\Documents\GitHub\desenvolvimento-framework\winserver\www\codeigniter4\system\Boot.php(334): CodeIgniter\CodeIgniter->run()
#10 C:\Users\orlan\Documents\GitHub\desenvolvimento-framework\winserver\www\codeigniter4\system\Boot.php(67): CodeIgniter\Boot::runCodeIgniter(Object(CodeIgniter\CodeIgniter))
#11 C:\Users\orlan\Documents\GitHub\desenvolvimento-framework\winserver\www\codeigniter4\public\index.php(56): CodeIgniter\Boot::bootWeb(Object(Config\Paths))
#12 C:\Users\orlan\Documents\GitHub\desenvolvimento-framework\winserver\www\codeigniter4\system\rewrite.php(44): require_once('C:\\Users\\orlan\\...')
#13 {main}
CRITICAL - 2025-04-10 00:40:51 --> CodeIgniter\Database\Exceptions\DatabaseException: Unable to connect to the database.
Main connection [MySQLi]: O endereço solicitado não é válido no contexto
[Method: POST, Route: login/logar]
in SYSTEMPATH\Database\BaseConnection.php on line 467.
 1 SYSTEMPATH\Database\BaseConnection.php(620): CodeIgniter\Database\BaseConnection->initialize()
 2 SYSTEMPATH\Database\BaseBuilder.php(1649): CodeIgniter\Database\BaseConnection->query('SELECT *
FROM `usuarios`
WHERE `usuarios_cpf` = :usuarios_cpf:
OR `usuarios_email` = :usuarios_email:
AND `usuarios_senha` = :usuarios_senha:', [...], false)
 3 SYSTEMPATH\Model.php(213): CodeIgniter\Database\BaseBuilder->get()
 4 SYSTEMPATH\BaseModel.php(609): CodeIgniter\Model->doFind(false, null)
 5 APPPATH\Controllers\Login.php(29): CodeIgniter\BaseModel->find()
 6 SYSTEMPATH\CodeIgniter.php(933): App\Controllers\Login->logar()
 7 SYSTEMPATH\CodeIgniter.php(507): CodeIgniter\CodeIgniter->runController(Object(App\Controllers\Login))
 8 SYSTEMPATH\CodeIgniter.php(354): CodeIgniter\CodeIgniter->handleRequest(null, Object(Config\Cache), false)
 9 SYSTEMPATH\Boot.php(334): CodeIgniter\CodeIgniter->run()
10 SYSTEMPATH\Boot.php(67): CodeIgniter\Boot::runCodeIgniter(Object(CodeIgniter\CodeIgniter))
11 FCPATH\index.php(56): CodeIgniter\Boot::bootWeb(Object(Config\Paths))
12 SYSTEMPATH\rewrite.php(44): require_once('C:\\Users\\orlan\\Documents\\GitHub\\desenvolvimento-framework\\winserver\\www\\codeigniter4\\public\\index.php')
DEBUG - 2025-04-10 00:40:54 --> Session: Class initialized using 'CodeIgniter\Session\Handlers\FileHandler' driver.
DEBUG - 2025-04-10 00:40:56 --> Session: Class initialized using 'CodeIgniter\Session\Handlers\FileHandler' driver.
DEBUG - 2025-04-10 00:40:59 --> Session: Class initialized using 'CodeIgniter\Session\Handlers\FileHandler' driver.
DEBUG - 2025-04-10 00:41:01 --> Session: Class initialized using 'CodeIgniter\Session\Handlers\FileHandler' driver.
DEBUG - 2025-04-10 00:42:47 --> Session: Class initialized using 'CodeIgniter\Session\Handlers\FileHandler' driver.
DEBUG - 2025-04-10 00:42:49 --> Session: Class initialized using 'CodeIgniter\Session\Handlers\FileHandler' driver.
ERROR - 2025-04-10 00:42:49 --> Error connecting to the database: mysqli_sql_exception: O endereço solicitado não é válido no contexto in C:\Users\orlan\Documents\GitHub\desenvolvimento-framework\winserver\www\codeigniter4\system\Database\MySQLi\Connection.php:201
Stack trace:
#0 C:\Users\orlan\Documents\GitHub\desenvolvimento-framework\winserver\www\codeigniter4\system\Database\MySQLi\Connection.php(201): mysqli->real_connect('0.0.0.0', 'root', Object(SensitiveParameterValue), 'projeto', 3309, '', 0)
#1 C:\Users\orlan\Documents\GitHub\desenvolvimento-framework\winserver\www\codeigniter4\system\Database\BaseConnection.php(421): CodeIgniter\Database\MySQLi\Connection->connect(false)
#2 C:\Users\orlan\Documents\GitHub\desenvolvimento-framework\winserver\www\codeigniter4\system\Database\BaseConnection.php(620): CodeIgniter\Database\BaseConnection->initialize()
#3 C:\Users\orlan\Documents\GitHub\desenvolvimento-framework\winserver\www\codeigniter4\system\Database\BaseBuilder.php(1649): CodeIgniter\Database\BaseConnection->query('SELECT *\nFROM `...', Array, false)
#4 C:\Users\orlan\Documents\GitHub\desenvolvimento-framework\winserver\www\codeigniter4\system\Model.php(213): CodeIgniter\Database\BaseBuilder->get()
#5 C:\Users\orlan\Documents\GitHub\desenvolvimento-framework\winserver\www\codeigniter4\system\BaseModel.php(609): CodeIgniter\Model->doFind(false, NULL)
#6 C:\Users\orlan\Documents\GitHub\desenvolvimento-framework\winserver\www\codeigniter4\app\Controllers\Login.php(29): CodeIgniter\BaseModel->find()
#7 C:\Users\orlan\Documents\GitHub\desenvolvimento-framework\winserver\www\codeigniter4\system\CodeIgniter.php(933): App\Controllers\Login->logar()
#8 C:\Users\orlan\Documents\GitHub\desenvolvimento-framework\winserver\www\codeigniter4\system\CodeIgniter.php(507): CodeIgniter\CodeIgniter->runController(Object(App\Controllers\Login))
#9 C:\Users\orlan\Documents\GitHub\desenvolvimento-framework\winserver\www\codeigniter4\system\CodeIgniter.php(354): CodeIgniter\CodeIgniter->handleRequest(NULL, Object(Config\Cache), false)
#10 C:\Users\orlan\Documents\GitHub\desenvolvimento-framework\winserver\www\codeigniter4\system\Boot.php(334): CodeIgniter\CodeIgniter->run()
#11 C:\Users\orlan\Documents\GitHub\desenvolvimento-framework\winserver\www\codeigniter4\system\Boot.php(67): CodeIgniter\Boot::runCodeIgniter(Object(CodeIgniter\CodeIgniter))
#12 C:\Users\orlan\Documents\GitHub\desenvolvimento-framework\winserver\www\codeigniter4\public\index.php(56): CodeIgniter\Boot::bootWeb(Object(Config\Paths))
#13 C:\Users\orlan\Documents\GitHub\desenvolvimento-framework\winserver\www\codeigniter4\system\rewrite.php(44): require_once('C:\\Users\\orlan\\...')
#14 {main}

Next CodeIgniter\Database\Exceptions\DatabaseException: O endereço solicitado não é válido no contexto in C:\Users\orlan\Documents\GitHub\desenvolvimento-framework\winserver\www\codeigniter4\system\Database\MySQLi\Connection.php:246
Stack trace:
#0 C:\Users\orlan\Documents\GitHub\desenvolvimento-framework\winserver\www\codeigniter4\system\Database\BaseConnection.php(421): CodeIgniter\Database\MySQLi\Connection->connect(false)
#1 C:\Users\orlan\Documents\GitHub\desenvolvimento-framework\winserver\www\codeigniter4\system\Database\BaseConnection.php(620): CodeIgniter\Database\BaseConnection->initialize()
#2 C:\Users\orlan\Documents\GitHub\desenvolvimento-framework\winserver\www\codeigniter4\system\Database\BaseBuilder.php(1649): CodeIgniter\Database\BaseConnection->query('SELECT *\nFROM `...', Array, false)
#3 C:\Users\orlan\Documents\GitHub\desenvolvimento-framework\winserver\www\codeigniter4\system\Model.php(213): CodeIgniter\Database\BaseBuilder->get()
#4 C:\Users\orlan\Documents\GitHub\desenvolvimento-framework\winserver\www\codeigniter4\system\BaseModel.php(609): CodeIgniter\Model->doFind(false, NULL)
#5 C:\Users\orlan\Documents\GitHub\desenvolvimento-framework\winserver\www\codeigniter4\app\Controllers\Login.php(29): CodeIgniter\BaseModel->find()
#6 C:\Users\orlan\Documents\GitHub\desenvolvimento-framework\winserver\www\codeigniter4\system\CodeIgniter.php(933): App\Controllers\Login->logar()
#7 C:\Users\orlan\Documents\GitHub\desenvolvimento-framework\winserver\www\codeigniter4\system\CodeIgniter.php(507): CodeIgniter\CodeIgniter->runController(Object(App\Controllers\Login))
#8 C:\Users\orlan\Documents\GitHub\desenvolvimento-framework\winserver\www\codeigniter4\system\CodeIgniter.php(354): CodeIgniter\CodeIgniter->handleRequest(NULL, Object(Config\Cache), false)
#9 C:\Users\orlan\Documents\GitHub\desenvolvimento-framework\winserver\www\codeigniter4\system\Boot.php(334): CodeIgniter\CodeIgniter->run()
#10 C:\Users\orlan\Documents\GitHub\desenvolvimento-framework\winserver\www\codeigniter4\system\Boot.php(67): CodeIgniter\Boot::runCodeIgniter(Object(CodeIgniter\CodeIgniter))
#11 C:\Users\orlan\Documents\GitHub\desenvolvimento-framework\winserver\www\codeigniter4\public\index.php(56): CodeIgniter\Boot::bootWeb(Object(Config\Paths))
#12 C:\Users\orlan\Documents\GitHub\desenvolvimento-framework\winserver\www\codeigniter4\system\rewrite.php(44): require_once('C:\\Users\\orlan\\...')
#13 {main}
CRITICAL - 2025-04-10 00:42:49 --> CodeIgniter\Database\Exceptions\DatabaseException: Unable to connect to the database.
Main connection [MySQLi]: O endereço solicitado não é válido no contexto
[Method: POST, Route: login/logar]
in SYSTEMPATH\Database\BaseConnection.php on line 467.
 1 SYSTEMPATH\Database\BaseConnection.php(620): CodeIgniter\Database\BaseConnection->initialize()
 2 SYSTEMPATH\Database\BaseBuilder.php(1649): CodeIgniter\Database\BaseConnection->query('SELECT *
FROM `usuarios`
WHERE `usuarios_cpf` = :usuarios_cpf:
OR `usuarios_email` = :usuarios_email:
AND `usuarios_senha` = :usuarios_senha:', [...], false)
 3 SYSTEMPATH\Model.php(213): CodeIgniter\Database\BaseBuilder->get()
 4 SYSTEMPATH\BaseModel.php(609): CodeIgniter\Model->doFind(false, null)
 5 APPPATH\Controllers\Login.php(29): CodeIgniter\BaseModel->find()
 6 SYSTEMPATH\CodeIgniter.php(933): App\Controllers\Login->logar()
 7 SYSTEMPATH\CodeIgniter.php(507): CodeIgniter\CodeIgniter->runController(Object(App\Controllers\Login))
 8 SYSTEMPATH\CodeIgniter.php(354): CodeIgniter\CodeIgniter->handleRequest(null, Object(Config\Cache), false)
 9 SYSTEMPATH\Boot.php(334): CodeIgniter\CodeIgniter->run()
10 SYSTEMPATH\Boot.php(67): CodeIgniter\Boot::runCodeIgniter(Object(CodeIgniter\CodeIgniter))
11 FCPATH\index.php(56): CodeIgniter\Boot::bootWeb(Object(Config\Paths))
12 SYSTEMPATH\rewrite.php(44): require_once('C:\\Users\\orlan\\Documents\\GitHub\\desenvolvimento-framework\\winserver\\www\\codeigniter4\\public\\index.php')
DEBUG - 2025-04-10 00:42:54 --> Session: Class initialized using 'CodeIgniter\Session\Handlers\FileHandler' driver.
