CRITICAL - 2025-02-27 01:03:30 --> ErrorException: Undefined variable $cidade
[Method: GET, Route: cidades/]
in APPPATH\Views\cidades\index.php on line 80.
 1 APPPATH\Views\cidades\index.php(80): CodeIgniter\Debug\Exceptions->errorHandler(2, 'Undefined variable $cidade', 'C:\\Users\\orlan\\Documents\\GitHub\\desenvolvimento-framework\\app\\Views\\cidades\\index.php', 80)
 2 SYSTEMPATH\View\View.php(224): include('C:\\Users\\orlan\\Documents\\GitHub\\desenvolvimento-framework\\app\\Views\\cidades\\index.php')
 3 SYSTEMPATH\View\View.php(227): CodeIgniter\View\View->CodeIgniter\View\{closure}()
 4 SYSTEMPATH\Common.php(1173): CodeIgniter\View\View->render('cidades/index', [], true)
 5 APPPATH\Controllers\Cidades.php(39): view('cidades/index', [...])
 6 SYSTEMPATH\CodeIgniter.php(933): App\Controllers\Cidades->index()
 7 SYSTEMPATH\CodeIgniter.php(507): CodeIgniter\CodeIgniter->runController(Object(App\Controllers\Cidades))
 8 SYSTEMPATH\CodeIgniter.php(354): CodeIgniter\CodeIgniter->handleRequest(null, Object(Config\Cache), false)
 9 SYSTEMPATH\Boot.php(334): CodeIgniter\CodeIgniter->run()
10 SYSTEMPATH\Boot.php(67): CodeIgniter\Boot::runCodeIgniter(Object(CodeIgniter\CodeIgniter))
11 FCPATH\index.php(56): CodeIgniter\Boot::bootWeb(Object(Config\Paths))
12 SYSTEMPATH\rewrite.php(44): require_once('C:\\Users\\orlan\\Documents\\GitHub\\desenvolvimento-framework\\public\\index.php')
CRITICAL - 2025-02-27 01:03:49 --> ErrorException: Undefined variable $cidade
[Method: GET, Route: cidades/]
in APPPATH\Views\cidades\index.php on line 80.
 1 APPPATH\Views\cidades\index.php(80): CodeIgniter\Debug\Exceptions->errorHandler(2, 'Undefined variable $cidade', 'C:\\Users\\orlan\\Documents\\GitHub\\desenvolvimento-framework\\app\\Views\\cidades\\index.php', 80)
 2 SYSTEMPATH\View\View.php(224): include('C:\\Users\\orlan\\Documents\\GitHub\\desenvolvimento-framework\\app\\Views\\cidades\\index.php')
 3 SYSTEMPATH\View\View.php(227): CodeIgniter\View\View->CodeIgniter\View\{closure}()
 4 SYSTEMPATH\Common.php(1173): CodeIgniter\View\View->render('cidades/index', [], true)
 5 APPPATH\Controllers\Cidades.php(39): view('cidades/index', [...])
 6 SYSTEMPATH\CodeIgniter.php(933): App\Controllers\Cidades->index()
 7 SYSTEMPATH\CodeIgniter.php(507): CodeIgniter\CodeIgniter->runController(Object(App\Controllers\Cidades))
 8 SYSTEMPATH\CodeIgniter.php(354): CodeIgniter\CodeIgniter->handleRequest(null, Object(Config\Cache), false)
 9 SYSTEMPATH\Boot.php(334): CodeIgniter\CodeIgniter->run()
10 SYSTEMPATH\Boot.php(67): CodeIgniter\Boot::runCodeIgniter(Object(CodeIgniter\CodeIgniter))
11 FCPATH\index.php(56): CodeIgniter\Boot::bootWeb(Object(Config\Paths))
12 SYSTEMPATH\rewrite.php(44): require_once('C:\\Users\\orlan\\Documents\\GitHub\\desenvolvimento-framework\\public\\index.php')
CRITICAL - 2025-02-27 01:03:55 --> ErrorException: Undefined variable $cidade
[Method: GET, Route: cidades]
in APPPATH\Views\cidades\index.php on line 80.
 1 APPPATH\Views\cidades\index.php(80): CodeIgniter\Debug\Exceptions->errorHandler(2, 'Undefined variable $cidade', 'C:\\Users\\orlan\\Documents\\GitHub\\desenvolvimento-framework\\app\\Views\\cidades\\index.php', 80)
 2 SYSTEMPATH\View\View.php(224): include('C:\\Users\\orlan\\Documents\\GitHub\\desenvolvimento-framework\\app\\Views\\cidades\\index.php')
 3 SYSTEMPATH\View\View.php(227): CodeIgniter\View\View->CodeIgniter\View\{closure}()
 4 SYSTEMPATH\Common.php(1173): CodeIgniter\View\View->render('cidades/index', [], true)
 5 APPPATH\Controllers\Cidades.php(39): view('cidades/index', [...])
 6 SYSTEMPATH\CodeIgniter.php(933): App\Controllers\Cidades->index()
 7 SYSTEMPATH\CodeIgniter.php(507): CodeIgniter\CodeIgniter->runController(Object(App\Controllers\Cidades))
 8 SYSTEMPATH\CodeIgniter.php(354): CodeIgniter\CodeIgniter->handleRequest(null, Object(Config\Cache), false)
 9 SYSTEMPATH\Boot.php(334): CodeIgniter\CodeIgniter->run()
10 SYSTEMPATH\Boot.php(67): CodeIgniter\Boot::runCodeIgniter(Object(CodeIgniter\CodeIgniter))
11 FCPATH\index.php(56): CodeIgniter\Boot::bootWeb(Object(Config\Paths))
12 SYSTEMPATH\rewrite.php(44): require_once('C:\\Users\\orlan\\Documents\\GitHub\\desenvolvimento-framework\\public\\index.php')
CRITICAL - 2025-02-27 01:04:26 --> CodeIgniter\HTTP\Exceptions\BadRequestException: The URI you submitted has disallowed characters: "$1"
[Method: GET, Route: cidades/edit/$1]
in SYSTEMPATH\Router\Router.php on line 739.
 1 SYSTEMPATH\Router\Router.php(207): CodeIgniter\Router\Router->checkDisallowedChars('cidades/edit/$1')
 2 SYSTEMPATH\CodeIgniter.php(832): CodeIgniter\Router\Router->handle('cidades/edit/$1')
 3 SYSTEMPATH\CodeIgniter.php(455): CodeIgniter\CodeIgniter->tryToRouteIt(Object(CodeIgniter\Router\RouteCollection))
 4 SYSTEMPATH\CodeIgniter.php(354): CodeIgniter\CodeIgniter->handleRequest(null, Object(Config\Cache), false)
 5 SYSTEMPATH\Boot.php(334): CodeIgniter\CodeIgniter->run()
 6 SYSTEMPATH\Boot.php(67): CodeIgniter\Boot::runCodeIgniter(Object(CodeIgniter\CodeIgniter))
 7 FCPATH\index.php(56): CodeIgniter\Boot::bootWeb(Object(Config\Paths))
 8 SYSTEMPATH\rewrite.php(44): require_once('C:\\Users\\orlan\\Documents\\GitHub\\desenvolvimento-framework\\public\\index.php')
CRITICAL - 2025-02-27 01:08:39 --> ErrorException: Undefined array key "cidades_nome"
[Method: GET, Route: cidades/edit/1]
in APPPATH\Views\cidades\form.php on line 46.
 1 APPPATH\Views\cidades\form.php(46): CodeIgniter\Debug\Exceptions->errorHandler(2, 'Undefined array key "cidades_nome"', 'C:\\Users\\orlan\\Documents\\GitHub\\desenvolvimento-framework\\app\\Views\\cidades\\form.php', 46)
 2 SYSTEMPATH\View\View.php(224): include('C:\\Users\\orlan\\Documents\\GitHub\\desenvolvimento-framework\\app\\Views\\cidades\\form.php')
 3 SYSTEMPATH\View\View.php(227): CodeIgniter\View\View->CodeIgniter\View\{closure}()
 4 SYSTEMPATH\Common.php(1173): CodeIgniter\View\View->render('cidades/form', [], true)
 5 APPPATH\Controllers\Cidades.php(135): view('cidades/form', [...])
 6 SYSTEMPATH\CodeIgniter.php(933): App\Controllers\Cidades->edit('1')
 7 SYSTEMPATH\CodeIgniter.php(507): CodeIgniter\CodeIgniter->runController(Object(App\Controllers\Cidades))
 8 SYSTEMPATH\CodeIgniter.php(354): CodeIgniter\CodeIgniter->handleRequest(null, Object(Config\Cache), false)
 9 SYSTEMPATH\Boot.php(334): CodeIgniter\CodeIgniter->run()
10 SYSTEMPATH\Boot.php(67): CodeIgniter\Boot::runCodeIgniter(Object(CodeIgniter\CodeIgniter))
11 FCPATH\index.php(56): CodeIgniter\Boot::bootWeb(Object(Config\Paths))
12 SYSTEMPATH\rewrite.php(44): require_once('C:\\Users\\orlan\\Documents\\GitHub\\desenvolvimento-framework\\public\\index.php')
CRITICAL - 2025-02-27 01:11:06 --> ErrorException: Undefined array key "cidades"
[Method: GET, Route: cidades/edit/2]
in APPPATH\Views\cidades\form.php on line 46.
 1 APPPATH\Views\cidades\form.php(46): CodeIgniter\Debug\Exceptions->errorHandler(2, 'Undefined array key "cidades"', 'C:\\Users\\orlan\\Documents\\GitHub\\desenvolvimento-framework\\app\\Views\\cidades\\form.php', 46)
 2 SYSTEMPATH\View\View.php(224): include('C:\\Users\\orlan\\Documents\\GitHub\\desenvolvimento-framework\\app\\Views\\cidades\\form.php')
 3 SYSTEMPATH\View\View.php(227): CodeIgniter\View\View->CodeIgniter\View\{closure}()
 4 SYSTEMPATH\Common.php(1173): CodeIgniter\View\View->render('cidades/form', [], true)
 5 APPPATH\Controllers\Cidades.php(135): view('cidades/form', [...])
 6 SYSTEMPATH\CodeIgniter.php(933): App\Controllers\Cidades->edit('2')
 7 SYSTEMPATH\CodeIgniter.php(507): CodeIgniter\CodeIgniter->runController(Object(App\Controllers\Cidades))
 8 SYSTEMPATH\CodeIgniter.php(354): CodeIgniter\CodeIgniter->handleRequest(null, Object(Config\Cache), false)
 9 SYSTEMPATH\Boot.php(334): CodeIgniter\CodeIgniter->run()
10 SYSTEMPATH\Boot.php(67): CodeIgniter\Boot::runCodeIgniter(Object(CodeIgniter\CodeIgniter))
11 FCPATH\index.php(56): CodeIgniter\Boot::bootWeb(Object(Config\Paths))
12 SYSTEMPATH\rewrite.php(44): require_once('C:\\Users\\orlan\\Documents\\GitHub\\desenvolvimento-framework\\public\\index.php')
CRITICAL - 2025-02-27 01:13:43 --> ErrorException: Undefined array key "cidade"
[Method: GET, Route: cidades/new]
in APPPATH\Views\cidades\form.php on line 46.
 1 APPPATH\Views\cidades\form.php(46): CodeIgniter\Debug\Exceptions->errorHandler(2, 'Undefined array key "cidade"', 'C:\\Users\\orlan\\Documents\\GitHub\\desenvolvimento-framework\\app\\Views\\cidades\\form.php', 46)
 2 SYSTEMPATH\View\View.php(224): include('C:\\Users\\orlan\\Documents\\GitHub\\desenvolvimento-framework\\app\\Views\\cidades\\form.php')
 3 SYSTEMPATH\View\View.php(227): CodeIgniter\View\View->CodeIgniter\View\{closure}()
 4 SYSTEMPATH\Common.php(1173): CodeIgniter\View\View->render('cidades/form', [], true)
 5 APPPATH\Controllers\Cidades.php(54): view('cidades/form', [...])
 6 SYSTEMPATH\CodeIgniter.php(933): App\Controllers\Cidades->new()
 7 SYSTEMPATH\CodeIgniter.php(507): CodeIgniter\CodeIgniter->runController(Object(App\Controllers\Cidades))
 8 SYSTEMPATH\CodeIgniter.php(354): CodeIgniter\CodeIgniter->handleRequest(null, Object(Config\Cache), false)
 9 SYSTEMPATH\Boot.php(334): CodeIgniter\CodeIgniter->run()
10 SYSTEMPATH\Boot.php(67): CodeIgniter\Boot::runCodeIgniter(Object(CodeIgniter\CodeIgniter))
11 FCPATH\index.php(56): CodeIgniter\Boot::bootWeb(Object(Config\Paths))
12 SYSTEMPATH\rewrite.php(44): require_once('C:\\Users\\orlan\\Documents\\GitHub\\desenvolvimento-framework\\public\\index.php')
CRITICAL - 2025-02-27 01:16:03 --> ErrorException: Undefined array key "cidade"
[Method: GET, Route: cidades/new]
in APPPATH\Views\cidades\form.php on line 46.
 1 APPPATH\Views\cidades\form.php(46): CodeIgniter\Debug\Exceptions->errorHandler(2, 'Undefined array key "cidade"', 'C:\\Users\\orlan\\Documents\\GitHub\\desenvolvimento-framework\\app\\Views\\cidades\\form.php', 46)
 2 SYSTEMPATH\View\View.php(224): include('C:\\Users\\orlan\\Documents\\GitHub\\desenvolvimento-framework\\app\\Views\\cidades\\form.php')
 3 SYSTEMPATH\View\View.php(227): CodeIgniter\View\View->CodeIgniter\View\{closure}()
 4 SYSTEMPATH\Common.php(1173): CodeIgniter\View\View->render('cidades/form', [], true)
 5 APPPATH\Controllers\Cidades.php(54): view('cidades/form', [...])
 6 SYSTEMPATH\CodeIgniter.php(933): App\Controllers\Cidades->new()
 7 SYSTEMPATH\CodeIgniter.php(507): CodeIgniter\CodeIgniter->runController(Object(App\Controllers\Cidades))
 8 SYSTEMPATH\CodeIgniter.php(354): CodeIgniter\CodeIgniter->handleRequest(null, Object(Config\Cache), false)
 9 SYSTEMPATH\Boot.php(334): CodeIgniter\CodeIgniter->run()
10 SYSTEMPATH\Boot.php(67): CodeIgniter\Boot::runCodeIgniter(Object(CodeIgniter\CodeIgniter))
11 FCPATH\index.php(56): CodeIgniter\Boot::bootWeb(Object(Config\Paths))
12 SYSTEMPATH\rewrite.php(44): require_once('C:\\Users\\orlan\\Documents\\GitHub\\desenvolvimento-framework\\public\\index.php')
CRITICAL - 2025-02-27 01:17:12 --> ErrorException: Undefined array key "cidades"
[Method: GET, Route: cidades/edit/1]
in APPPATH\Views\cidades\form.php on line 46.
 1 APPPATH\Views\cidades\form.php(46): CodeIgniter\Debug\Exceptions->errorHandler(2, 'Undefined array key "cidades"', 'C:\\Users\\orlan\\Documents\\GitHub\\desenvolvimento-framework\\app\\Views\\cidades\\form.php', 46)
 2 SYSTEMPATH\View\View.php(224): include('C:\\Users\\orlan\\Documents\\GitHub\\desenvolvimento-framework\\app\\Views\\cidades\\form.php')
 3 SYSTEMPATH\View\View.php(227): CodeIgniter\View\View->CodeIgniter\View\{closure}()
 4 SYSTEMPATH\Common.php(1173): CodeIgniter\View\View->render('cidades/form', [], true)
 5 APPPATH\Controllers\Cidades.php(135): view('cidades/form', [...])
 6 SYSTEMPATH\CodeIgniter.php(933): App\Controllers\Cidades->edit('1')
 7 SYSTEMPATH\CodeIgniter.php(507): CodeIgniter\CodeIgniter->runController(Object(App\Controllers\Cidades))
 8 SYSTEMPATH\CodeIgniter.php(354): CodeIgniter\CodeIgniter->handleRequest(null, Object(Config\Cache), false)
 9 SYSTEMPATH\Boot.php(334): CodeIgniter\CodeIgniter->run()
10 SYSTEMPATH\Boot.php(67): CodeIgniter\Boot::runCodeIgniter(Object(CodeIgniter\CodeIgniter))
11 FCPATH\index.php(56): CodeIgniter\Boot::bootWeb(Object(Config\Paths))
12 SYSTEMPATH\rewrite.php(44): require_once('C:\\Users\\orlan\\Documents\\GitHub\\desenvolvimento-framework\\public\\index.php')
CRITICAL - 2025-02-27 01:17:15 --> ErrorException: Undefined array key "cidades"
[Method: GET, Route: cidades/new]
in APPPATH\Views\cidades\form.php on line 46.
 1 APPPATH\Views\cidades\form.php(46): CodeIgniter\Debug\Exceptions->errorHandler(2, 'Undefined array key "cidades"', 'C:\\Users\\orlan\\Documents\\GitHub\\desenvolvimento-framework\\app\\Views\\cidades\\form.php', 46)
 2 SYSTEMPATH\View\View.php(224): include('C:\\Users\\orlan\\Documents\\GitHub\\desenvolvimento-framework\\app\\Views\\cidades\\form.php')
 3 SYSTEMPATH\View\View.php(227): CodeIgniter\View\View->CodeIgniter\View\{closure}()
 4 SYSTEMPATH\Common.php(1173): CodeIgniter\View\View->render('cidades/form', [], true)
 5 APPPATH\Controllers\Cidades.php(54): view('cidades/form', [...])
 6 SYSTEMPATH\CodeIgniter.php(933): App\Controllers\Cidades->new()
 7 SYSTEMPATH\CodeIgniter.php(507): CodeIgniter\CodeIgniter->runController(Object(App\Controllers\Cidades))
 8 SYSTEMPATH\CodeIgniter.php(354): CodeIgniter\CodeIgniter->handleRequest(null, Object(Config\Cache), false)
 9 SYSTEMPATH\Boot.php(334): CodeIgniter\CodeIgniter->run()
10 SYSTEMPATH\Boot.php(67): CodeIgniter\Boot::runCodeIgniter(Object(CodeIgniter\CodeIgniter))
11 FCPATH\index.php(56): CodeIgniter\Boot::bootWeb(Object(Config\Paths))
12 SYSTEMPATH\rewrite.php(44): require_once('C:\\Users\\orlan\\Documents\\GitHub\\desenvolvimento-framework\\public\\index.php')
CRITICAL - 2025-02-27 01:17:24 --> ErrorException: Undefined array key "cidade"
[Method: GET, Route: cidades/new]
in APPPATH\Views\cidades\form.php on line 46.
 1 APPPATH\Views\cidades\form.php(46): CodeIgniter\Debug\Exceptions->errorHandler(2, 'Undefined array key "cidade"', 'C:\\Users\\orlan\\Documents\\GitHub\\desenvolvimento-framework\\app\\Views\\cidades\\form.php', 46)
 2 SYSTEMPATH\View\View.php(224): include('C:\\Users\\orlan\\Documents\\GitHub\\desenvolvimento-framework\\app\\Views\\cidades\\form.php')
 3 SYSTEMPATH\View\View.php(227): CodeIgniter\View\View->CodeIgniter\View\{closure}()
 4 SYSTEMPATH\Common.php(1173): CodeIgniter\View\View->render('cidades/form', [], true)
 5 APPPATH\Controllers\Cidades.php(54): view('cidades/form', [...])
 6 SYSTEMPATH\CodeIgniter.php(933): App\Controllers\Cidades->new()
 7 SYSTEMPATH\CodeIgniter.php(507): CodeIgniter\CodeIgniter->runController(Object(App\Controllers\Cidades))
 8 SYSTEMPATH\CodeIgniter.php(354): CodeIgniter\CodeIgniter->handleRequest(null, Object(Config\Cache), false)
 9 SYSTEMPATH\Boot.php(334): CodeIgniter\CodeIgniter->run()
10 SYSTEMPATH\Boot.php(67): CodeIgniter\Boot::runCodeIgniter(Object(CodeIgniter\CodeIgniter))
11 FCPATH\index.php(56): CodeIgniter\Boot::bootWeb(Object(Config\Paths))
12 SYSTEMPATH\rewrite.php(44): require_once('C:\\Users\\orlan\\Documents\\GitHub\\desenvolvimento-framework\\public\\index.php')
CRITICAL - 2025-02-27 01:17:52 --> ErrorException: Undefined array key "cidade"
[Method: GET, Route: cidades/new]
in APPPATH\Views\cidades\form.php on line 46.
 1 APPPATH\Views\cidades\form.php(46): CodeIgniter\Debug\Exceptions->errorHandler(2, 'Undefined array key "cidade"', 'C:\\Users\\orlan\\Documents\\GitHub\\desenvolvimento-framework\\app\\Views\\cidades\\form.php', 46)
 2 SYSTEMPATH\View\View.php(224): include('C:\\Users\\orlan\\Documents\\GitHub\\desenvolvimento-framework\\app\\Views\\cidades\\form.php')
 3 SYSTEMPATH\View\View.php(227): CodeIgniter\View\View->CodeIgniter\View\{closure}()
 4 SYSTEMPATH\Common.php(1173): CodeIgniter\View\View->render('cidades/form', [], true)
 5 APPPATH\Controllers\Cidades.php(54): view('cidades/form', [...])
 6 SYSTEMPATH\CodeIgniter.php(933): App\Controllers\Cidades->new()
 7 SYSTEMPATH\CodeIgniter.php(507): CodeIgniter\CodeIgniter->runController(Object(App\Controllers\Cidades))
 8 SYSTEMPATH\CodeIgniter.php(354): CodeIgniter\CodeIgniter->handleRequest(null, Object(Config\Cache), false)
 9 SYSTEMPATH\Boot.php(334): CodeIgniter\CodeIgniter->run()
10 SYSTEMPATH\Boot.php(67): CodeIgniter\Boot::runCodeIgniter(Object(CodeIgniter\CodeIgniter))
11 FCPATH\index.php(56): CodeIgniter\Boot::bootWeb(Object(Config\Paths))
12 SYSTEMPATH\rewrite.php(44): require_once('C:\\Users\\orlan\\Documents\\GitHub\\desenvolvimento-framework\\public\\index.php')
CRITICAL - 2025-02-27 01:18:00 --> ErrorException: Undefined array key "cidade"
[Method: GET, Route: cidades/new]
in APPPATH\Views\cidades\form.php on line 46.
 1 APPPATH\Views\cidades\form.php(46): CodeIgniter\Debug\Exceptions->errorHandler(2, 'Undefined array key "cidade"', 'C:\\Users\\orlan\\Documents\\GitHub\\desenvolvimento-framework\\app\\Views\\cidades\\form.php', 46)
 2 SYSTEMPATH\View\View.php(224): include('C:\\Users\\orlan\\Documents\\GitHub\\desenvolvimento-framework\\app\\Views\\cidades\\form.php')
 3 SYSTEMPATH\View\View.php(227): CodeIgniter\View\View->CodeIgniter\View\{closure}()
 4 SYSTEMPATH\Common.php(1173): CodeIgniter\View\View->render('cidades/form', [], true)
 5 APPPATH\Controllers\Cidades.php(54): view('cidades/form', [...])
 6 SYSTEMPATH\CodeIgniter.php(933): App\Controllers\Cidades->new()
 7 SYSTEMPATH\CodeIgniter.php(507): CodeIgniter\CodeIgniter->runController(Object(App\Controllers\Cidades))
 8 SYSTEMPATH\CodeIgniter.php(354): CodeIgniter\CodeIgniter->handleRequest(null, Object(Config\Cache), false)
 9 SYSTEMPATH\Boot.php(334): CodeIgniter\CodeIgniter->run()
10 SYSTEMPATH\Boot.php(67): CodeIgniter\Boot::runCodeIgniter(Object(CodeIgniter\CodeIgniter))
11 FCPATH\index.php(56): CodeIgniter\Boot::bootWeb(Object(Config\Paths))
12 SYSTEMPATH\rewrite.php(44): require_once('C:\\Users\\orlan\\Documents\\GitHub\\desenvolvimento-framework\\public\\index.php')
CRITICAL - 2025-02-27 01:18:06 --> ErrorException: Undefined array key "cidade"
[Method: GET, Route: cidades/new]
in APPPATH\Views\cidades\form.php on line 46.
 1 APPPATH\Views\cidades\form.php(46): CodeIgniter\Debug\Exceptions->errorHandler(2, 'Undefined array key "cidade"', 'C:\\Users\\orlan\\Documents\\GitHub\\desenvolvimento-framework\\app\\Views\\cidades\\form.php', 46)
 2 SYSTEMPATH\View\View.php(224): include('C:\\Users\\orlan\\Documents\\GitHub\\desenvolvimento-framework\\app\\Views\\cidades\\form.php')
 3 SYSTEMPATH\View\View.php(227): CodeIgniter\View\View->CodeIgniter\View\{closure}()
 4 SYSTEMPATH\Common.php(1173): CodeIgniter\View\View->render('cidades/form', [], true)
 5 APPPATH\Controllers\Cidades.php(54): view('cidades/form', [...])
 6 SYSTEMPATH\CodeIgniter.php(933): App\Controllers\Cidades->new()
 7 SYSTEMPATH\CodeIgniter.php(507): CodeIgniter\CodeIgniter->runController(Object(App\Controllers\Cidades))
 8 SYSTEMPATH\CodeIgniter.php(354): CodeIgniter\CodeIgniter->handleRequest(null, Object(Config\Cache), false)
 9 SYSTEMPATH\Boot.php(334): CodeIgniter\CodeIgniter->run()
10 SYSTEMPATH\Boot.php(67): CodeIgniter\Boot::runCodeIgniter(Object(CodeIgniter\CodeIgniter))
11 FCPATH\index.php(56): CodeIgniter\Boot::bootWeb(Object(Config\Paths))
12 SYSTEMPATH\rewrite.php(44): require_once('C:\\Users\\orlan\\Documents\\GitHub\\desenvolvimento-framework\\public\\index.php')
CRITICAL - 2025-02-27 01:18:35 --> ErrorException: Undefined array key "cidade"
[Method: GET, Route: cidades/new]
in APPPATH\Views\cidades\form.php on line 46.
 1 APPPATH\Views\cidades\form.php(46): CodeIgniter\Debug\Exceptions->errorHandler(2, 'Undefined array key "cidade"', 'C:\\Users\\orlan\\Documents\\GitHub\\desenvolvimento-framework\\app\\Views\\cidades\\form.php', 46)
 2 SYSTEMPATH\View\View.php(224): include('C:\\Users\\orlan\\Documents\\GitHub\\desenvolvimento-framework\\app\\Views\\cidades\\form.php')
 3 SYSTEMPATH\View\View.php(227): CodeIgniter\View\View->CodeIgniter\View\{closure}()
 4 SYSTEMPATH\Common.php(1173): CodeIgniter\View\View->render('cidades/form', [], true)
 5 APPPATH\Controllers\Cidades.php(54): view('cidades/form', [...])
 6 SYSTEMPATH\CodeIgniter.php(933): App\Controllers\Cidades->new()
 7 SYSTEMPATH\CodeIgniter.php(507): CodeIgniter\CodeIgniter->runController(Object(App\Controllers\Cidades))
 8 SYSTEMPATH\CodeIgniter.php(354): CodeIgniter\CodeIgniter->handleRequest(null, Object(Config\Cache), false)
 9 SYSTEMPATH\Boot.php(334): CodeIgniter\CodeIgniter->run()
10 SYSTEMPATH\Boot.php(67): CodeIgniter\Boot::runCodeIgniter(Object(CodeIgniter\CodeIgniter))
11 FCPATH\index.php(56): CodeIgniter\Boot::bootWeb(Object(Config\Paths))
12 SYSTEMPATH\rewrite.php(44): require_once('C:\\Users\\orlan\\Documents\\GitHub\\desenvolvimento-framework\\public\\index.php')
CRITICAL - 2025-02-27 01:19:50 --> ErrorException: Undefined array key "cidade"
[Method: GET, Route: cidades/new]
in APPPATH\Views\cidades\form.php on line 46.
 1 APPPATH\Views\cidades\form.php(46): CodeIgniter\Debug\Exceptions->errorHandler(2, 'Undefined array key "cidade"', 'C:\\Users\\orlan\\Documents\\GitHub\\desenvolvimento-framework\\app\\Views\\cidades\\form.php', 46)
 2 SYSTEMPATH\View\View.php(224): include('C:\\Users\\orlan\\Documents\\GitHub\\desenvolvimento-framework\\app\\Views\\cidades\\form.php')
 3 SYSTEMPATH\View\View.php(227): CodeIgniter\View\View->CodeIgniter\View\{closure}()
 4 SYSTEMPATH\Common.php(1173): CodeIgniter\View\View->render('cidades/form', [], true)
 5 APPPATH\Controllers\Cidades.php(54): view('cidades/form', [...])
 6 SYSTEMPATH\CodeIgniter.php(933): App\Controllers\Cidades->new()
 7 SYSTEMPATH\CodeIgniter.php(507): CodeIgniter\CodeIgniter->runController(Object(App\Controllers\Cidades))
 8 SYSTEMPATH\CodeIgniter.php(354): CodeIgniter\CodeIgniter->handleRequest(null, Object(Config\Cache), false)
 9 SYSTEMPATH\Boot.php(334): CodeIgniter\CodeIgniter->run()
10 SYSTEMPATH\Boot.php(67): CodeIgniter\Boot::runCodeIgniter(Object(CodeIgniter\CodeIgniter))
11 FCPATH\index.php(56): CodeIgniter\Boot::bootWeb(Object(Config\Paths))
12 SYSTEMPATH\rewrite.php(44): require_once('C:\\Users\\orlan\\Documents\\GitHub\\desenvolvimento-framework\\public\\index.php')
CRITICAL - 2025-02-27 01:19:58 --> ErrorException: Undefined array key "cidade"
[Method: GET, Route: cidades/new]
in APPPATH\Views\cidades\form.php on line 46.
 1 APPPATH\Views\cidades\form.php(46): CodeIgniter\Debug\Exceptions->errorHandler(2, 'Undefined array key "cidade"', 'C:\\Users\\orlan\\Documents\\GitHub\\desenvolvimento-framework\\app\\Views\\cidades\\form.php', 46)
 2 SYSTEMPATH\View\View.php(224): include('C:\\Users\\orlan\\Documents\\GitHub\\desenvolvimento-framework\\app\\Views\\cidades\\form.php')
 3 SYSTEMPATH\View\View.php(227): CodeIgniter\View\View->CodeIgniter\View\{closure}()
 4 SYSTEMPATH\Common.php(1173): CodeIgniter\View\View->render('cidades/form', [], true)
 5 APPPATH\Controllers\Cidades.php(54): view('cidades/form', [...])
 6 SYSTEMPATH\CodeIgniter.php(933): App\Controllers\Cidades->new()
 7 SYSTEMPATH\CodeIgniter.php(507): CodeIgniter\CodeIgniter->runController(Object(App\Controllers\Cidades))
 8 SYSTEMPATH\CodeIgniter.php(354): CodeIgniter\CodeIgniter->handleRequest(null, Object(Config\Cache), false)
 9 SYSTEMPATH\Boot.php(334): CodeIgniter\CodeIgniter->run()
10 SYSTEMPATH\Boot.php(67): CodeIgniter\Boot::runCodeIgniter(Object(CodeIgniter\CodeIgniter))
11 FCPATH\index.php(56): CodeIgniter\Boot::bootWeb(Object(Config\Paths))
12 SYSTEMPATH\rewrite.php(44): require_once('C:\\Users\\orlan\\Documents\\GitHub\\desenvolvimento-framework\\public\\index.php')
