CRITICAL - 2025-02-26 22:30:54 --> ErrorException: Undefined array key "uf"
[Method: GET, Route: /]
in APPPATH\Views\home.php on line 37.
 1 APPPATH\Views\home.php(37): CodeIgniter\Debug\Exceptions->errorHandler(2, 'Undefined array key "uf"', 'C:\\Users\\orlan\\Documents\\GitHub\\desenvolvimento-framework\\app\\Views\\home.php', 37)
 2 SYSTEMPATH\View\View.php(224): include('C:\\Users\\orlan\\Documents\\GitHub\\desenvolvimento-framework\\app\\Views\\home.php')
 3 SYSTEMPATH\View\View.php(227): CodeIgniter\View\View->CodeIgniter\View\{closure}()
 4 SYSTEMPATH\Common.php(1173): CodeIgniter\View\View->render('home', [], true)
 5 APPPATH\Controllers\Home.php(38): view('home', [...])
 6 SYSTEMPATH\CodeIgniter.php(933): App\Controllers\Home->index()
 7 SYSTEMPATH\CodeIgniter.php(507): CodeIgniter\CodeIgniter->runController(Object(App\Controllers\Home))
 8 SYSTEMPATH\CodeIgniter.php(354): CodeIgniter\CodeIgniter->handleRequest(null, Object(Config\Cache), false)
 9 SYSTEMPATH\Boot.php(334): CodeIgniter\CodeIgniter->run()
10 SYSTEMPATH\Boot.php(67): CodeIgniter\Boot::runCodeIgniter(Object(CodeIgniter\CodeIgniter))
11 FCPATH\index.php(56): CodeIgniter\Boot::bootWeb(Object(Config\Paths))
12 SYSTEMPATH\rewrite.php(44): require_once('C:\\Users\\orlan\\Documents\\GitHub\\desenvolvimento-framework\\public\\index.php')
CRITICAL - 2025-02-26 22:30:55 --> ErrorException: Undefined array key "uf"
[Method: GET, Route: /]
in APPPATH\Views\home.php on line 37.
 1 APPPATH\Views\home.php(37): CodeIgniter\Debug\Exceptions->errorHandler(2, 'Undefined array key "uf"', 'C:\\Users\\orlan\\Documents\\GitHub\\desenvolvimento-framework\\app\\Views\\home.php', 37)
 2 SYSTEMPATH\View\View.php(224): include('C:\\Users\\orlan\\Documents\\GitHub\\desenvolvimento-framework\\app\\Views\\home.php')
 3 SYSTEMPATH\View\View.php(227): CodeIgniter\View\View->CodeIgniter\View\{closure}()
 4 SYSTEMPATH\Common.php(1173): CodeIgniter\View\View->render('home', [], true)
 5 APPPATH\Controllers\Home.php(38): view('home', [...])
 6 SYSTEMPATH\CodeIgniter.php(933): App\Controllers\Home->index()
 7 SYSTEMPATH\CodeIgniter.php(507): CodeIgniter\CodeIgniter->runController(Object(App\Controllers\Home))
 8 SYSTEMPATH\CodeIgniter.php(354): CodeIgniter\CodeIgniter->handleRequest(null, Object(Config\Cache), false)
 9 SYSTEMPATH\Boot.php(334): CodeIgniter\CodeIgniter->run()
10 SYSTEMPATH\Boot.php(67): CodeIgniter\Boot::runCodeIgniter(Object(CodeIgniter\CodeIgniter))
11 FCPATH\index.php(56): CodeIgniter\Boot::bootWeb(Object(Config\Paths))
12 SYSTEMPATH\rewrite.php(44): require_once('C:\\Users\\orlan\\Documents\\GitHub\\desenvolvimento-framework\\public\\index.php')
CRITICAL - 2025-02-26 22:32:58 --> ErrorException: Undefined array key "uf"
[Method: GET, Route: /]
in APPPATH\Views\home.php on line 37.
 1 APPPATH\Views\home.php(37): CodeIgniter\Debug\Exceptions->errorHandler(2, 'Undefined array key "uf"', 'C:\\Users\\orlan\\Documents\\GitHub\\desenvolvimento-framework\\app\\Views\\home.php', 37)
 2 SYSTEMPATH\View\View.php(224): include('C:\\Users\\orlan\\Documents\\GitHub\\desenvolvimento-framework\\app\\Views\\home.php')
 3 SYSTEMPATH\View\View.php(227): CodeIgniter\View\View->CodeIgniter\View\{closure}()
 4 SYSTEMPATH\Common.php(1173): CodeIgniter\View\View->render('home', [], true)
 5 APPPATH\Controllers\Home.php(38): view('home', [...])
 6 SYSTEMPATH\CodeIgniter.php(933): App\Controllers\Home->index()
 7 SYSTEMPATH\CodeIgniter.php(507): CodeIgniter\CodeIgniter->runController(Object(App\Controllers\Home))
 8 SYSTEMPATH\CodeIgniter.php(354): CodeIgniter\CodeIgniter->handleRequest(null, Object(Config\Cache), false)
 9 SYSTEMPATH\Boot.php(334): CodeIgniter\CodeIgniter->run()
10 SYSTEMPATH\Boot.php(67): CodeIgniter\Boot::runCodeIgniter(Object(CodeIgniter\CodeIgniter))
11 FCPATH\index.php(56): CodeIgniter\Boot::bootWeb(Object(Config\Paths))
12 SYSTEMPATH\rewrite.php(44): require_once('C:\\Users\\orlan\\Documents\\GitHub\\desenvolvimento-framework\\public\\index.php')
CRITICAL - 2025-02-26 22:32:59 --> ErrorException: Undefined array key "uf"
[Method: GET, Route: /]
in APPPATH\Views\home.php on line 37.
 1 APPPATH\Views\home.php(37): CodeIgniter\Debug\Exceptions->errorHandler(2, 'Undefined array key "uf"', 'C:\\Users\\orlan\\Documents\\GitHub\\desenvolvimento-framework\\app\\Views\\home.php', 37)
 2 SYSTEMPATH\View\View.php(224): include('C:\\Users\\orlan\\Documents\\GitHub\\desenvolvimento-framework\\app\\Views\\home.php')
 3 SYSTEMPATH\View\View.php(227): CodeIgniter\View\View->CodeIgniter\View\{closure}()
 4 SYSTEMPATH\Common.php(1173): CodeIgniter\View\View->render('home', [], true)
 5 APPPATH\Controllers\Home.php(38): view('home', [...])
 6 SYSTEMPATH\CodeIgniter.php(933): App\Controllers\Home->index()
 7 SYSTEMPATH\CodeIgniter.php(507): CodeIgniter\CodeIgniter->runController(Object(App\Controllers\Home))
 8 SYSTEMPATH\CodeIgniter.php(354): CodeIgniter\CodeIgniter->handleRequest(null, Object(Config\Cache), false)
 9 SYSTEMPATH\Boot.php(334): CodeIgniter\CodeIgniter->run()
10 SYSTEMPATH\Boot.php(67): CodeIgniter\Boot::runCodeIgniter(Object(CodeIgniter\CodeIgniter))
11 FCPATH\index.php(56): CodeIgniter\Boot::bootWeb(Object(Config\Paths))
12 SYSTEMPATH\rewrite.php(44): require_once('C:\\Users\\orlan\\Documents\\GitHub\\desenvolvimento-framework\\public\\index.php')
CRITICAL - 2025-02-26 22:32:59 --> ErrorException: Undefined array key "uf"
[Method: GET, Route: /]
in APPPATH\Views\home.php on line 37.
 1 APPPATH\Views\home.php(37): CodeIgniter\Debug\Exceptions->errorHandler(2, 'Undefined array key "uf"', 'C:\\Users\\orlan\\Documents\\GitHub\\desenvolvimento-framework\\app\\Views\\home.php', 37)
 2 SYSTEMPATH\View\View.php(224): include('C:\\Users\\orlan\\Documents\\GitHub\\desenvolvimento-framework\\app\\Views\\home.php')
 3 SYSTEMPATH\View\View.php(227): CodeIgniter\View\View->CodeIgniter\View\{closure}()
 4 SYSTEMPATH\Common.php(1173): CodeIgniter\View\View->render('home', [], true)
 5 APPPATH\Controllers\Home.php(38): view('home', [...])
 6 SYSTEMPATH\CodeIgniter.php(933): App\Controllers\Home->index()
 7 SYSTEMPATH\CodeIgniter.php(507): CodeIgniter\CodeIgniter->runController(Object(App\Controllers\Home))
 8 SYSTEMPATH\CodeIgniter.php(354): CodeIgniter\CodeIgniter->handleRequest(null, Object(Config\Cache), false)
 9 SYSTEMPATH\Boot.php(334): CodeIgniter\CodeIgniter->run()
10 SYSTEMPATH\Boot.php(67): CodeIgniter\Boot::runCodeIgniter(Object(CodeIgniter\CodeIgniter))
11 FCPATH\index.php(56): CodeIgniter\Boot::bootWeb(Object(Config\Paths))
12 SYSTEMPATH\rewrite.php(44): require_once('C:\\Users\\orlan\\Documents\\GitHub\\desenvolvimento-framework\\public\\index.php')
CRITICAL - 2025-02-26 22:34:19 --> ErrorException: Undefined array key "uf"
[Method: GET, Route: /]
in APPPATH\Views\home.php on line 37.
 1 APPPATH\Views\home.php(37): CodeIgniter\Debug\Exceptions->errorHandler(2, 'Undefined array key "uf"', 'C:\\Users\\orlan\\Documents\\GitHub\\desenvolvimento-framework\\app\\Views\\home.php', 37)
 2 SYSTEMPATH\View\View.php(224): include('C:\\Users\\orlan\\Documents\\GitHub\\desenvolvimento-framework\\app\\Views\\home.php')
 3 SYSTEMPATH\View\View.php(227): CodeIgniter\View\View->CodeIgniter\View\{closure}()
 4 SYSTEMPATH\Common.php(1173): CodeIgniter\View\View->render('home', [], true)
 5 APPPATH\Controllers\Home.php(38): view('home', [...])
 6 SYSTEMPATH\CodeIgniter.php(933): App\Controllers\Home->index()
 7 SYSTEMPATH\CodeIgniter.php(507): CodeIgniter\CodeIgniter->runController(Object(App\Controllers\Home))
 8 SYSTEMPATH\CodeIgniter.php(354): CodeIgniter\CodeIgniter->handleRequest(null, Object(Config\Cache), false)
 9 SYSTEMPATH\Boot.php(334): CodeIgniter\CodeIgniter->run()
10 SYSTEMPATH\Boot.php(67): CodeIgniter\Boot::runCodeIgniter(Object(CodeIgniter\CodeIgniter))
11 FCPATH\index.php(56): CodeIgniter\Boot::bootWeb(Object(Config\Paths))
12 SYSTEMPATH\rewrite.php(44): require_once('C:\\Users\\orlan\\Documents\\GitHub\\desenvolvimento-framework\\public\\index.php')
CRITICAL - 2025-02-26 22:34:19 --> ErrorException: Undefined array key "uf"
[Method: GET, Route: /]
in APPPATH\Views\home.php on line 37.
 1 APPPATH\Views\home.php(37): CodeIgniter\Debug\Exceptions->errorHandler(2, 'Undefined array key "uf"', 'C:\\Users\\orlan\\Documents\\GitHub\\desenvolvimento-framework\\app\\Views\\home.php', 37)
 2 SYSTEMPATH\View\View.php(224): include('C:\\Users\\orlan\\Documents\\GitHub\\desenvolvimento-framework\\app\\Views\\home.php')
 3 SYSTEMPATH\View\View.php(227): CodeIgniter\View\View->CodeIgniter\View\{closure}()
 4 SYSTEMPATH\Common.php(1173): CodeIgniter\View\View->render('home', [], true)
 5 APPPATH\Controllers\Home.php(38): view('home', [...])
 6 SYSTEMPATH\CodeIgniter.php(933): App\Controllers\Home->index()
 7 SYSTEMPATH\CodeIgniter.php(507): CodeIgniter\CodeIgniter->runController(Object(App\Controllers\Home))
 8 SYSTEMPATH\CodeIgniter.php(354): CodeIgniter\CodeIgniter->handleRequest(null, Object(Config\Cache), false)
 9 SYSTEMPATH\Boot.php(334): CodeIgniter\CodeIgniter->run()
10 SYSTEMPATH\Boot.php(67): CodeIgniter\Boot::runCodeIgniter(Object(CodeIgniter\CodeIgniter))
11 FCPATH\index.php(56): CodeIgniter\Boot::bootWeb(Object(Config\Paths))
12 SYSTEMPATH\rewrite.php(44): require_once('C:\\Users\\orlan\\Documents\\GitHub\\desenvolvimento-framework\\public\\index.php')
CRITICAL - 2025-02-26 22:34:20 --> ErrorException: Undefined array key "uf"
[Method: GET, Route: /]
in APPPATH\Views\home.php on line 37.
 1 APPPATH\Views\home.php(37): CodeIgniter\Debug\Exceptions->errorHandler(2, 'Undefined array key "uf"', 'C:\\Users\\orlan\\Documents\\GitHub\\desenvolvimento-framework\\app\\Views\\home.php', 37)
 2 SYSTEMPATH\View\View.php(224): include('C:\\Users\\orlan\\Documents\\GitHub\\desenvolvimento-framework\\app\\Views\\home.php')
 3 SYSTEMPATH\View\View.php(227): CodeIgniter\View\View->CodeIgniter\View\{closure}()
 4 SYSTEMPATH\Common.php(1173): CodeIgniter\View\View->render('home', [], true)
 5 APPPATH\Controllers\Home.php(38): view('home', [...])
 6 SYSTEMPATH\CodeIgniter.php(933): App\Controllers\Home->index()
 7 SYSTEMPATH\CodeIgniter.php(507): CodeIgniter\CodeIgniter->runController(Object(App\Controllers\Home))
 8 SYSTEMPATH\CodeIgniter.php(354): CodeIgniter\CodeIgniter->handleRequest(null, Object(Config\Cache), false)
 9 SYSTEMPATH\Boot.php(334): CodeIgniter\CodeIgniter->run()
10 SYSTEMPATH\Boot.php(67): CodeIgniter\Boot::runCodeIgniter(Object(CodeIgniter\CodeIgniter))
11 FCPATH\index.php(56): CodeIgniter\Boot::bootWeb(Object(Config\Paths))
12 SYSTEMPATH\rewrite.php(44): require_once('C:\\Users\\orlan\\Documents\\GitHub\\desenvolvimento-framework\\public\\index.php')
CRITICAL - 2025-02-26 22:34:20 --> ErrorException: Undefined array key "uf"
[Method: GET, Route: /]
in APPPATH\Views\home.php on line 37.
 1 APPPATH\Views\home.php(37): CodeIgniter\Debug\Exceptions->errorHandler(2, 'Undefined array key "uf"', 'C:\\Users\\orlan\\Documents\\GitHub\\desenvolvimento-framework\\app\\Views\\home.php', 37)
 2 SYSTEMPATH\View\View.php(224): include('C:\\Users\\orlan\\Documents\\GitHub\\desenvolvimento-framework\\app\\Views\\home.php')
 3 SYSTEMPATH\View\View.php(227): CodeIgniter\View\View->CodeIgniter\View\{closure}()
 4 SYSTEMPATH\Common.php(1173): CodeIgniter\View\View->render('home', [], true)
 5 APPPATH\Controllers\Home.php(38): view('home', [...])
 6 SYSTEMPATH\CodeIgniter.php(933): App\Controllers\Home->index()
 7 SYSTEMPATH\CodeIgniter.php(507): CodeIgniter\CodeIgniter->runController(Object(App\Controllers\Home))
 8 SYSTEMPATH\CodeIgniter.php(354): CodeIgniter\CodeIgniter->handleRequest(null, Object(Config\Cache), false)
 9 SYSTEMPATH\Boot.php(334): CodeIgniter\CodeIgniter->run()
10 SYSTEMPATH\Boot.php(67): CodeIgniter\Boot::runCodeIgniter(Object(CodeIgniter\CodeIgniter))
11 FCPATH\index.php(56): CodeIgniter\Boot::bootWeb(Object(Config\Paths))
12 SYSTEMPATH\rewrite.php(44): require_once('C:\\Users\\orlan\\Documents\\GitHub\\desenvolvimento-framework\\public\\index.php')
CRITICAL - 2025-02-26 22:34:20 --> ErrorException: Undefined array key "uf"
[Method: GET, Route: /]
in APPPATH\Views\home.php on line 37.
 1 APPPATH\Views\home.php(37): CodeIgniter\Debug\Exceptions->errorHandler(2, 'Undefined array key "uf"', 'C:\\Users\\orlan\\Documents\\GitHub\\desenvolvimento-framework\\app\\Views\\home.php', 37)
 2 SYSTEMPATH\View\View.php(224): include('C:\\Users\\orlan\\Documents\\GitHub\\desenvolvimento-framework\\app\\Views\\home.php')
 3 SYSTEMPATH\View\View.php(227): CodeIgniter\View\View->CodeIgniter\View\{closure}()
 4 SYSTEMPATH\Common.php(1173): CodeIgniter\View\View->render('home', [], true)
 5 APPPATH\Controllers\Home.php(38): view('home', [...])
 6 SYSTEMPATH\CodeIgniter.php(933): App\Controllers\Home->index()
 7 SYSTEMPATH\CodeIgniter.php(507): CodeIgniter\CodeIgniter->runController(Object(App\Controllers\Home))
 8 SYSTEMPATH\CodeIgniter.php(354): CodeIgniter\CodeIgniter->handleRequest(null, Object(Config\Cache), false)
 9 SYSTEMPATH\Boot.php(334): CodeIgniter\CodeIgniter->run()
10 SYSTEMPATH\Boot.php(67): CodeIgniter\Boot::runCodeIgniter(Object(CodeIgniter\CodeIgniter))
11 FCPATH\index.php(56): CodeIgniter\Boot::bootWeb(Object(Config\Paths))
12 SYSTEMPATH\rewrite.php(44): require_once('C:\\Users\\orlan\\Documents\\GitHub\\desenvolvimento-framework\\public\\index.php')
CRITICAL - 2025-02-26 22:34:32 --> ErrorException: Undefined array key "uf"
[Method: GET, Route: /]
in APPPATH\Views\home.php on line 37.
 1 APPPATH\Views\home.php(37): CodeIgniter\Debug\Exceptions->errorHandler(2, 'Undefined array key "uf"', 'C:\\Users\\orlan\\Documents\\GitHub\\desenvolvimento-framework\\app\\Views\\home.php', 37)
 2 SYSTEMPATH\View\View.php(224): include('C:\\Users\\orlan\\Documents\\GitHub\\desenvolvimento-framework\\app\\Views\\home.php')
 3 SYSTEMPATH\View\View.php(227): CodeIgniter\View\View->CodeIgniter\View\{closure}()
 4 SYSTEMPATH\Common.php(1173): CodeIgniter\View\View->render('home', [], true)
 5 APPPATH\Controllers\Home.php(38): view('home', [...])
 6 SYSTEMPATH\CodeIgniter.php(933): App\Controllers\Home->index()
 7 SYSTEMPATH\CodeIgniter.php(507): CodeIgniter\CodeIgniter->runController(Object(App\Controllers\Home))
 8 SYSTEMPATH\CodeIgniter.php(354): CodeIgniter\CodeIgniter->handleRequest(null, Object(Config\Cache), false)
 9 SYSTEMPATH\Boot.php(334): CodeIgniter\CodeIgniter->run()
10 SYSTEMPATH\Boot.php(67): CodeIgniter\Boot::runCodeIgniter(Object(CodeIgniter\CodeIgniter))
11 FCPATH\index.php(56): CodeIgniter\Boot::bootWeb(Object(Config\Paths))
12 SYSTEMPATH\rewrite.php(44): require_once('C:\\Users\\orlan\\Documents\\GitHub\\desenvolvimento-framework\\public\\index.php')
